"2020-05-09 07:06:04 [restartedMain] INFO  o.s.c.c.c.ConfigServicePropertySourceLocator - Fetching config from server at : http://localhost:8181
""2020-05-09 07:06:08 [restartedMain] INFO  o.s.c.c.c.ConfigServicePropertySourceLocator - Located environment: name=SpringCloudconfig, profiles=[default], label=null, version=caa03509b3720276ddb9e08ae4fb0b39c0958bbb, state=null
""2020-05-09 07:06:08 [restartedMain] INFO  o.s.c.b.c.PropertySourceBootstrapConfiguration - Located property source: [BootstrapPropertySource {name='bootstrapProperties-configClient'}, BootstrapPropertySource {name='bootstrapProperties-https://github.com/susmitha2916/springcloudconfig/application.properties'}]
""2020-05-09 07:06:08 [restartedMain] INFO  com.vp.CsuserloginApplication - No active profile set, falling back to default profiles: default
""2020-05-09 07:06:10 [restartedMain] INFO  o.s.d.r.c.RepositoryConfigurationDelegate - Bootstrapping Spring Data JPA repositories in DEFAULT mode.
""2020-05-09 07:06:10 [restartedMain] INFO  o.s.d.r.c.RepositoryConfigurationDelegate - Finished Spring Data repository scanning in 84ms. Found 1 JPA repository interfaces.
""2020-05-09 07:06:10 [restartedMain] WARN  o.s.boot.actuate.endpoint.EndpointId - Endpoint ID 'service-registry' contains invalid characters, please migrate to a valid format.
""2020-05-09 07:06:10 [restartedMain] INFO  o.s.cloud.context.scope.GenericScope - BeanFactory id=b4dd5e5c-8208-3384-ae3b-a90fb0255805
""2020-05-09 07:06:11 [restartedMain] INFO  o.s.c.s.PostProcessorRegistrationDelegate$BeanPostProcessorChecker - Bean 'org.springframework.transaction.annotation.ProxyTransactionManagementConfiguration' of type [org.springframework.transaction.annotation.ProxyTransactionManagementConfiguration] is not eligible for getting processed by all BeanPostProcessors (for example: not eligible for auto-proxying)
""2020-05-09 07:06:11 [restartedMain] INFO  o.s.b.w.e.tomcat.TomcatWebServer - Tomcat initialized with port(s): 0 (http)
""2020-05-09 07:06:11 [restartedMain] INFO  o.a.catalina.core.StandardService - Starting service [Tomcat]
""2020-05-09 07:06:11 [restartedMain] INFO  o.a.catalina.core.StandardEngine - Starting Servlet engine: [Apache Tomcat/9.0.30]
""2020-05-09 07:06:12 [restartedMain] INFO  o.a.c.c.C.[Tomcat].[localhost].[/] - Initializing Spring embedded WebApplicationContext
""2020-05-09 07:06:12 [restartedMain] INFO  o.s.web.context.ContextLoader - Root WebApplicationContext: initialization completed in 3805 ms
""2020-05-09 07:06:12 [restartedMain] WARN  c.n.c.sources.URLConfigurationSource - No URLs will be polled as dynamic configuration sources.
""2020-05-09 07:06:12 [restartedMain] INFO  c.n.c.sources.URLConfigurationSource - To enable URLs as dynamic configuration sources, define System property archaius.configurationSource.additionalUrls or make config.properties available on classpath.
""2020-05-09 07:06:12 [restartedMain] INFO  c.n.config.DynamicPropertyFactory - DynamicPropertyFactory is initialized with configuration sources: com.netflix.config.ConcurrentCompositeConfiguration@27ed8574
""2020-05-09 07:06:14 [restartedMain] INFO  com.zaxxer.hikari.HikariDataSource - HikariPool-1 - Starting...
""2020-05-09 07:06:16 [restartedMain] INFO  com.zaxxer.hikari.HikariDataSource - HikariPool-1 - Start completed.
""2020-05-09 07:06:16 [restartedMain] INFO  o.h.jpa.internal.util.LogHelper - HHH000204: Processing PersistenceUnitInfo [
	name: default
	...]
""2020-05-09 07:06:17 [restartedMain] INFO  org.hibernate.Version - HHH000412: Hibernate Core {5.2.1.Final}
""2020-05-09 07:06:17 [restartedMain] INFO  org.hibernate.cfg.Environment - HHH000206: hibernate.properties not found
""2020-05-09 07:06:17 [restartedMain] INFO  org.hibernate.cfg.Environment - HHH000021: Bytecode provider name : javassist
""2020-05-09 07:06:17 [restartedMain] INFO  o.h.annotations.common.Version - HCANN000001: Hibernate Commons Annotations {5.0.1.Final}
""2020-05-09 07:06:18 [restartedMain] INFO  org.hibernate.dialect.Dialect - HHH000400: Using dialect: org.hibernate.dialect.MySQL5Dialect
""2020-05-09 07:06:20 [restartedMain] INFO  o.s.o.j.LocalContainerEntityManagerFactoryBean - Initialized JPA EntityManagerFactory for persistence unit 'default'
""2020-05-09 07:06:22 [restartedMain] WARN  o.s.b.a.o.j.JpaBaseConfiguration$JpaWebConfiguration - spring.jpa.open-in-view is enabled by default. Therefore, database queries may be performed during view rendering. Explicitly configure spring.jpa.open-in-view to disable this warning
""2020-05-09 07:06:22 [restartedMain] INFO  o.s.b.a.e.web.EndpointLinksResolver - Exposing 2 endpoint(s) beneath base path '/actuator'
""2020-05-09 07:06:23 [restartedMain] INFO  s.d.s.w.PropertySourcedRequestMappingHandlerMapping - Mapped URL path [/v2/api-docs] onto method [springfox.documentation.swagger2.web.Swagger2Controller#getDocumentation(String, HttpServletRequest)]
""2020-05-09 07:06:23 [restartedMain] WARN  c.n.c.sources.URLConfigurationSource - No URLs will be polled as dynamic configuration sources.
""2020-05-09 07:06:23 [restartedMain] INFO  c.n.c.sources.URLConfigurationSource - To enable URLs as dynamic configuration sources, define System property archaius.configurationSource.additionalUrls or make config.properties available on classpath.
""2020-05-09 07:06:23 [restartedMain] INFO  o.s.s.c.ThreadPoolTaskExecutor - Initializing ExecutorService 'applicationTaskExecutor'
""2020-05-09 07:06:23 [restartedMain] INFO  o.s.b.d.a.OptionalLiveReloadServer - LiveReload server is running on port 35729
""2020-05-09 07:06:26 [restartedMain] WARN  o.s.c.l.c.BlockingLoadBalancerClientAutoConfiguration$BlockingLoadBalancerClientRibbonWarnLogger - You already have RibbonLoadBalancerClient on your classpath. It will be used by default. As Spring Cloud Ribbon is in maintenance mode. We recommend switching to BlockingLoadBalancerClient instead. In order to use it, set the value of `spring.cloud.loadbalancer.ribbon.enabled` to `false` or remove spring-cloud-starter-netflix-ribbon from your project.
""2020-05-09 07:06:26 [RMI TCP Connection(1)-127.0.0.1] INFO  o.a.c.c.C.[Tomcat].[localhost].[/] - Initializing Spring DispatcherServlet 'dispatcherServlet'
""2020-05-09 07:06:26 [RMI TCP Connection(1)-127.0.0.1] INFO  o.s.web.servlet.DispatcherServlet - Initializing Servlet 'dispatcherServlet'
""2020-05-09 07:06:26 [RMI TCP Connection(1)-127.0.0.1] INFO  o.s.web.servlet.DispatcherServlet - Completed initialization in 12 ms
""2020-05-09 07:06:27 [restartedMain] INFO  s.d.s.w.p.DocumentationPluginsBootstrapper - Context refreshed
""2020-05-09 07:06:27 [restartedMain] INFO  s.d.s.w.p.DocumentationPluginsBootstrapper - Found 1 custom documentation plugin(s)
""2020-05-09 07:06:27 [restartedMain] INFO  s.d.s.w.s.ApiListingReferenceScanner - Scanning for api listing references
""2020-05-09 07:06:27 [restartedMain] INFO  o.s.b.w.e.tomcat.TomcatWebServer - Tomcat started on port(s): 61097 (http) with context path ''
""2020-05-09 07:06:27 [restartedMain] INFO  o.s.c.n.e.s.EurekaAutoServiceRegistration - Updating port to 61097
""2020-05-09 07:06:27 [restartedMain] INFO  o.s.c.n.eureka.InstanceInfoFactory - Setting initial instance status as: STARTING
""2020-05-09 07:06:28 [restartedMain] INFO  c.netflix.discovery.DiscoveryClient - Initializing Eureka in region us-east-1
""2020-05-09 07:06:28 [restartedMain] INFO  c.n.d.p.DiscoveryJerseyProvider - Using JSON encoding codec LegacyJacksonJson
""2020-05-09 07:06:28 [restartedMain] INFO  c.n.d.p.DiscoveryJerseyProvider - Using JSON decoding codec LegacyJacksonJson
""2020-05-09 07:06:28 [restartedMain] INFO  c.n.d.p.DiscoveryJerseyProvider - Using XML encoding codec XStreamXml
""2020-05-09 07:06:28 [restartedMain] INFO  c.n.d.p.DiscoveryJerseyProvider - Using XML decoding codec XStreamXml
""2020-05-09 07:06:28 [restartedMain] INFO  c.n.d.s.r.aws.ConfigClusterResolver - Resolving eureka endpoints via configuration
""2020-05-09 07:06:28 [restartedMain] INFO  c.netflix.discovery.DiscoveryClient - Disable delta property : false
""2020-05-09 07:06:28 [restartedMain] INFO  c.netflix.discovery.DiscoveryClient - Single vip registry refresh property : null
""2020-05-09 07:06:28 [restartedMain] INFO  c.netflix.discovery.DiscoveryClient - Force full registry fetch : false
""2020-05-09 07:06:28 [restartedMain] INFO  c.netflix.discovery.DiscoveryClient - Application is null : false
""2020-05-09 07:06:28 [restartedMain] INFO  c.netflix.discovery.DiscoveryClient - Registered Applications size is zero : true
""2020-05-09 07:06:28 [restartedMain] INFO  c.netflix.discovery.DiscoveryClient - Application version is -1: true
""2020-05-09 07:06:28 [restartedMain] INFO  c.netflix.discovery.DiscoveryClient - Getting all instance registry info from the eureka server
""2020-05-09 07:06:29 [restartedMain] INFO  c.netflix.discovery.DiscoveryClient - The response status is 200
""2020-05-09 07:06:29 [restartedMain] INFO  c.netflix.discovery.DiscoveryClient - Starting heartbeat executor: renew interval is: 30
""2020-05-09 07:06:29 [restartedMain] INFO  c.n.discovery.InstanceInfoReplicator - InstanceInfoReplicator onDemand update allowed rate per min is 4
""2020-05-09 07:06:29 [restartedMain] INFO  c.netflix.discovery.DiscoveryClient - Discovery Client initialized at timestamp 1588988189180 with initial instances count: 1
""2020-05-09 07:06:29 [restartedMain] INFO  o.s.c.n.e.s.EurekaServiceRegistry - Registering application USERLOGIN with eureka with status UP
""2020-05-09 07:06:29 [restartedMain] INFO  c.netflix.discovery.DiscoveryClient - Saw local status change event StatusChangeEvent [timestamp=1588988189185, current=UP, previous=STARTING]
""2020-05-09 07:06:29 [DiscoveryClient-InstanceInfoReplicator-0] INFO  c.netflix.discovery.DiscoveryClient - DiscoveryClient_USERLOGIN/userlogin:8ef9dce30143454fd39469ac70d27fc1: registering service...
""2020-05-09 07:06:29 [DiscoveryClient-InstanceInfoReplicator-0] INFO  c.netflix.discovery.DiscoveryClient - DiscoveryClient_USERLOGIN/userlogin:8ef9dce30143454fd39469ac70d27fc1 - registration status: 204
""2020-05-09 07:06:29 [restartedMain] INFO  com.vp.CsuserloginApplication - Started CsuserloginApplication in 27.024 seconds (JVM running for 28.708)
""2020-05-09 07:08:11 [Thread-9] INFO  o.s.c.n.e.s.EurekaServiceRegistry - Unregistering application USERLOGIN with eureka with status DOWN
""2020-05-09 07:08:11 [Thread-9] WARN  c.netflix.discovery.DiscoveryClient - Saw local status change event StatusChangeEvent [timestamp=1588988291343, current=DOWN, previous=UP]
""2020-05-09 07:08:11 [DiscoveryClient-InstanceInfoReplicator-0] INFO  c.netflix.discovery.DiscoveryClient - DiscoveryClient_USERLOGIN/userlogin:8ef9dce30143454fd39469ac70d27fc1: registering service...
""2020-05-09 07:08:11 [DiscoveryClient-InstanceInfoReplicator-0] INFO  c.netflix.discovery.DiscoveryClient - DiscoveryClient_USERLOGIN/userlogin:8ef9dce30143454fd39469ac70d27fc1 - registration status: 204
""2020-05-09 07:08:11 [Thread-9] INFO  o.s.s.c.ThreadPoolTaskExecutor - Shutting down ExecutorService 'applicationTaskExecutor'
""2020-05-09 07:08:11 [Thread-9] INFO  o.s.o.j.LocalContainerEntityManagerFactoryBean - Closing JPA EntityManagerFactory for persistence unit 'default'
""2020-05-09 07:08:11 [Thread-9] INFO  c.netflix.discovery.DiscoveryClient - Shutting down DiscoveryClient ...
""2020-05-09 07:08:14 [Thread-9] INFO  c.netflix.discovery.DiscoveryClient - Unregistering ...
""2020-05-09 07:08:14 [Thread-9] INFO  c.netflix.discovery.DiscoveryClient - DiscoveryClient_USERLOGIN/userlogin:8ef9dce30143454fd39469ac70d27fc1 - deregister  status: 200
""2020-05-09 07:08:14 [Thread-9] INFO  c.netflix.discovery.DiscoveryClient - Completed shut down of DiscoveryClient
""2020-05-09 07:08:14 [Thread-9] INFO  com.zaxxer.hikari.HikariDataSource - HikariPool-1 - Shutdown initiated...
""2020-05-09 07:08:14 [Thread-9] INFO  com.zaxxer.hikari.HikariDataSource - HikariPool-1 - Shutdown completed.
""2020-05-09 07:08:16 [restartedMain] INFO  o.s.c.c.c.ConfigServicePropertySourceLocator - Fetching config from server at : http://localhost:8181
""2020-05-09 07:08:18 [restartedMain] INFO  o.s.c.c.c.ConfigServicePropertySourceLocator - Located environment: name=SpringCloudconfig, profiles=[default], label=null, version=caa03509b3720276ddb9e08ae4fb0b39c0958bbb, state=null
""2020-05-09 07:08:18 [restartedMain] INFO  o.s.c.b.c.PropertySourceBootstrapConfiguration - Located property source: [BootstrapPropertySource {name='bootstrapProperties-configClient'}, BootstrapPropertySource {name='bootstrapProperties-https://github.com/susmitha2916/springcloudconfig/application.properties'}]
""2020-05-09 07:08:18 [restartedMain] INFO  com.vp.CsuserloginApplication - No active profile set, falling back to default profiles: default
""2020-05-09 07:08:18 [restartedMain] INFO  o.s.d.r.c.RepositoryConfigurationDelegate - Bootstrapping Spring Data JPA repositories in DEFAULT mode.
""2020-05-09 07:08:19 [restartedMain] INFO  o.s.d.r.c.RepositoryConfigurationDelegate - Finished Spring Data repository scanning in 21ms. Found 1 JPA repository interfaces.
""2020-05-09 07:08:19 [restartedMain] INFO  o.s.cloud.context.scope.GenericScope - BeanFactory id=b4dd5e5c-8208-3384-ae3b-a90fb0255805
""2020-05-09 07:08:19 [restartedMain] INFO  o.s.c.s.PostProcessorRegistrationDelegate$BeanPostProcessorChecker - Bean 'org.springframework.transaction.annotation.ProxyTransactionManagementConfiguration' of type [org.springframework.transaction.annotation.ProxyTransactionManagementConfiguration] is not eligible for getting processed by all BeanPostProcessors (for example: not eligible for auto-proxying)
""2020-05-09 07:08:19 [restartedMain] INFO  o.s.b.w.e.tomcat.TomcatWebServer - Tomcat initialized with port(s): 0 (http)
""2020-05-09 07:08:19 [restartedMain] INFO  o.a.catalina.core.StandardService - Starting service [Tomcat]
""2020-05-09 07:08:19 [restartedMain] INFO  o.a.catalina.core.StandardEngine - Starting Servlet engine: [Apache Tomcat/9.0.30]
""2020-05-09 07:08:19 [restartedMain] INFO  o.a.c.c.C.[Tomcat].[localhost].[/] - Initializing Spring embedded WebApplicationContext
""2020-05-09 07:08:19 [restartedMain] INFO  o.s.web.context.ContextLoader - Root WebApplicationContext: initialization completed in 1791 ms
""2020-05-09 07:08:20 [restartedMain] INFO  com.zaxxer.hikari.HikariDataSource - HikariPool-2 - Starting...
""2020-05-09 07:08:20 [restartedMain] INFO  com.zaxxer.hikari.HikariDataSource - HikariPool-2 - Start completed.
""2020-05-09 07:08:20 [restartedMain] INFO  o.h.jpa.internal.util.LogHelper - HHH000204: Processing PersistenceUnitInfo [
	name: default
	...]
""2020-05-09 07:08:20 [restartedMain] INFO  org.hibernate.dialect.Dialect - HHH000400: Using dialect: org.hibernate.dialect.MySQL5Dialect
""2020-05-09 07:08:20 [restartedMain] INFO  o.s.o.j.LocalContainerEntityManagerFactoryBean - Initialized JPA EntityManagerFactory for persistence unit 'default'
""2020-05-09 07:08:20 [restartedMain] WARN  o.s.b.a.o.j.JpaBaseConfiguration$JpaWebConfiguration - spring.jpa.open-in-view is enabled by default. Therefore, database queries may be performed during view rendering. Explicitly configure spring.jpa.open-in-view to disable this warning
""2020-05-09 07:08:21 [restartedMain] INFO  o.s.b.a.e.web.EndpointLinksResolver - Exposing 2 endpoint(s) beneath base path '/actuator'
""2020-05-09 07:08:21 [restartedMain] INFO  s.d.s.w.PropertySourcedRequestMappingHandlerMapping - Mapped URL path [/v2/api-docs] onto method [springfox.documentation.swagger2.web.Swagger2Controller#getDocumentation(String, HttpServletRequest)]
""2020-05-09 07:08:21 [restartedMain] WARN  c.n.c.sources.URLConfigurationSource - No URLs will be polled as dynamic configuration sources.
""2020-05-09 07:08:21 [restartedMain] INFO  c.n.c.sources.URLConfigurationSource - To enable URLs as dynamic configuration sources, define System property archaius.configurationSource.additionalUrls or make config.properties available on classpath.
""2020-05-09 07:08:21 [restartedMain] INFO  o.s.s.c.ThreadPoolTaskExecutor - Initializing ExecutorService 'applicationTaskExecutor'
""2020-05-09 07:08:21 [restartedMain] INFO  o.s.b.d.a.OptionalLiveReloadServer - LiveReload server is running on port 35729
""2020-05-09 07:08:22 [restartedMain] WARN  o.s.c.l.c.BlockingLoadBalancerClientAutoConfiguration$BlockingLoadBalancerClientRibbonWarnLogger - You already have RibbonLoadBalancerClient on your classpath. It will be used by default. As Spring Cloud Ribbon is in maintenance mode. We recommend switching to BlockingLoadBalancerClient instead. In order to use it, set the value of `spring.cloud.loadbalancer.ribbon.enabled` to `false` or remove spring-cloud-starter-netflix-ribbon from your project.
""2020-05-09 07:08:22 [restartedMain] INFO  s.d.s.w.p.DocumentationPluginsBootstrapper - Context refreshed
""2020-05-09 07:08:22 [restartedMain] INFO  s.d.s.w.p.DocumentationPluginsBootstrapper - Found 1 custom documentation plugin(s)
""2020-05-09 07:08:22 [restartedMain] INFO  s.d.s.w.s.ApiListingReferenceScanner - Scanning for api listing references
""2020-05-09 07:08:22 [restartedMain] INFO  o.s.b.w.e.tomcat.TomcatWebServer - Tomcat started on port(s): 61124 (http) with context path ''
""2020-05-09 07:08:22 [restartedMain] INFO  o.s.c.n.e.s.EurekaAutoServiceRegistration - Updating port to 61124
""2020-05-09 07:08:22 [restartedMain] INFO  o.s.c.n.eureka.InstanceInfoFactory - Setting initial instance status as: STARTING
""2020-05-09 07:08:22 [restartedMain] INFO  c.netflix.discovery.DiscoveryClient - Initializing Eureka in region us-east-1
""2020-05-09 07:08:22 [restartedMain] INFO  c.n.d.p.DiscoveryJerseyProvider - Using JSON encoding codec LegacyJacksonJson
""2020-05-09 07:08:22 [restartedMain] INFO  c.n.d.p.DiscoveryJerseyProvider - Using JSON decoding codec LegacyJacksonJson
""2020-05-09 07:08:22 [restartedMain] INFO  c.n.d.p.DiscoveryJerseyProvider - Using XML encoding codec XStreamXml
""2020-05-09 07:08:22 [restartedMain] INFO  c.n.d.p.DiscoveryJerseyProvider - Using XML decoding codec XStreamXml
""2020-05-09 07:08:22 [restartedMain] INFO  c.n.d.s.r.aws.ConfigClusterResolver - Resolving eureka endpoints via configuration
""2020-05-09 07:08:22 [restartedMain] INFO  c.netflix.discovery.DiscoveryClient - Disable delta property : false
""2020-05-09 07:08:22 [restartedMain] INFO  c.netflix.discovery.DiscoveryClient - Single vip registry refresh property : null
""2020-05-09 07:08:22 [restartedMain] INFO  c.netflix.discovery.DiscoveryClient - Force full registry fetch : false
""2020-05-09 07:08:22 [restartedMain] INFO  c.netflix.discovery.DiscoveryClient - Application is null : false
""2020-05-09 07:08:22 [restartedMain] INFO  c.netflix.discovery.DiscoveryClient - Registered Applications size is zero : true
""2020-05-09 07:08:22 [restartedMain] INFO  c.netflix.discovery.DiscoveryClient - Application version is -1: true
""2020-05-09 07:08:22 [restartedMain] INFO  c.netflix.discovery.DiscoveryClient - Getting all instance registry info from the eureka server
""2020-05-09 07:08:22 [restartedMain] INFO  c.netflix.discovery.DiscoveryClient - The response status is 200
""2020-05-09 07:08:22 [restartedMain] INFO  c.netflix.discovery.DiscoveryClient - Starting heartbeat executor: renew interval is: 30
""2020-05-09 07:08:22 [restartedMain] INFO  c.n.discovery.InstanceInfoReplicator - InstanceInfoReplicator onDemand update allowed rate per min is 4
""2020-05-09 07:08:22 [restartedMain] INFO  c.netflix.discovery.DiscoveryClient - Discovery Client initialized at timestamp 1588988302420 with initial instances count: 2
""2020-05-09 07:08:22 [restartedMain] INFO  o.s.c.n.e.s.EurekaServiceRegistry - Registering application USERLOGIN with eureka with status UP
""2020-05-09 07:08:22 [restartedMain] INFO  c.netflix.discovery.DiscoveryClient - Saw local status change event StatusChangeEvent [timestamp=1588988302423, current=UP, previous=STARTING]
""2020-05-09 07:08:22 [DiscoveryClient-InstanceInfoReplicator-0] INFO  c.netflix.discovery.DiscoveryClient - DiscoveryClient_USERLOGIN/userlogin:01c9d8c8a97b7a5f48969de62f75949a: registering service...
""2020-05-09 07:08:22 [DiscoveryClient-InstanceInfoReplicator-0] INFO  c.netflix.discovery.DiscoveryClient - DiscoveryClient_USERLOGIN/userlogin:01c9d8c8a97b7a5f48969de62f75949a - registration status: 204
""2020-05-09 07:08:22 [restartedMain] INFO  com.vp.CsuserloginApplication - Started CsuserloginApplication in 7.647 seconds (JVM running for 141.925)
""2020-05-09 07:08:22 [restartedMain] INFO  o.s.b.d.a.ConditionEvaluationDeltaLoggingListener - Condition evaluation unchanged
""2020-05-09 07:10:03 [Thread-13] INFO  o.s.c.n.e.s.EurekaServiceRegistry - Unregistering application USERLOGIN with eureka with status DOWN
""2020-05-09 07:10:03 [Thread-13] WARN  c.netflix.discovery.DiscoveryClient - Saw local status change event StatusChangeEvent [timestamp=1588988403176, current=DOWN, previous=UP]
""2020-05-09 07:10:03 [DiscoveryClient-InstanceInfoReplicator-0] INFO  c.netflix.discovery.DiscoveryClient - DiscoveryClient_USERLOGIN/userlogin:01c9d8c8a97b7a5f48969de62f75949a: registering service...
""2020-05-09 07:10:03 [Thread-13] INFO  o.s.s.c.ThreadPoolTaskExecutor - Shutting down ExecutorService 'applicationTaskExecutor'
""2020-05-09 07:10:03 [DiscoveryClient-InstanceInfoReplicator-0] INFO  c.netflix.discovery.DiscoveryClient - DiscoveryClient_USERLOGIN/userlogin:01c9d8c8a97b7a5f48969de62f75949a - registration status: 204
""2020-05-09 07:10:03 [Thread-13] INFO  o.s.o.j.LocalContainerEntityManagerFactoryBean - Closing JPA EntityManagerFactory for persistence unit 'default'
""2020-05-09 07:10:03 [Thread-13] INFO  c.netflix.discovery.DiscoveryClient - Shutting down DiscoveryClient ...
""2020-05-09 07:10:06 [Thread-13] INFO  c.netflix.discovery.DiscoveryClient - Unregistering ...
""2020-05-09 07:10:06 [Thread-13] INFO  c.netflix.discovery.DiscoveryClient - DiscoveryClient_USERLOGIN/userlogin:01c9d8c8a97b7a5f48969de62f75949a - deregister  status: 200
""2020-05-09 07:10:06 [Thread-13] INFO  c.netflix.discovery.DiscoveryClient - Completed shut down of DiscoveryClient
""2020-05-09 07:10:06 [Thread-13] INFO  com.zaxxer.hikari.HikariDataSource - HikariPool-2 - Shutdown initiated...
""2020-05-09 07:10:06 [Thread-13] INFO  com.zaxxer.hikari.HikariDataSource - HikariPool-2 - Shutdown completed.
""2020-05-09 07:46:21 [restartedMain] INFO  o.s.c.c.c.ConfigServicePropertySourceLocator - Fetching config from server at : http://localhost:8181
""2020-05-09 07:46:22 [restartedMain] INFO  o.s.c.c.c.ConfigServicePropertySourceLocator - Located environment: name=SpringCloudconfig, profiles=[default], label=null, version=caa03509b3720276ddb9e08ae4fb0b39c0958bbb, state=null
""2020-05-09 07:46:22 [restartedMain] INFO  o.s.c.b.c.PropertySourceBootstrapConfiguration - Located property source: [BootstrapPropertySource {name='bootstrapProperties-configClient'}, BootstrapPropertySource {name='bootstrapProperties-https://github.com/susmitha2916/springcloudconfig/application.properties'}]
""2020-05-09 07:46:22 [restartedMain] INFO  com.vp.CsuserloginApplication - No active profile set, falling back to default profiles: default
""2020-05-09 07:46:23 [restartedMain] INFO  o.s.d.r.c.RepositoryConfigurationDelegate - Bootstrapping Spring Data JPA repositories in DEFAULT mode.
""2020-05-09 07:46:23 [restartedMain] INFO  o.s.d.r.c.RepositoryConfigurationDelegate - Finished Spring Data repository scanning in 10ms. Found 1 JPA repository interfaces.
""2020-05-09 07:46:23 [restartedMain] INFO  o.s.cloud.context.scope.GenericScope - BeanFactory id=b4dd5e5c-8208-3384-ae3b-a90fb0255805
""2020-05-09 07:46:23 [restartedMain] INFO  o.s.c.s.PostProcessorRegistrationDelegate$BeanPostProcessorChecker - Bean 'org.springframework.transaction.annotation.ProxyTransactionManagementConfiguration' of type [org.springframework.transaction.annotation.ProxyTransactionManagementConfiguration] is not eligible for getting processed by all BeanPostProcessors (for example: not eligible for auto-proxying)
""2020-05-09 07:46:24 [restartedMain] INFO  o.s.b.w.e.tomcat.TomcatWebServer - Tomcat initialized with port(s): 0 (http)
""2020-05-09 07:46:24 [restartedMain] INFO  o.a.catalina.core.StandardService - Starting service [Tomcat]
""2020-05-09 07:46:24 [restartedMain] INFO  o.a.catalina.core.StandardEngine - Starting Servlet engine: [Apache Tomcat/9.0.30]
""2020-05-09 07:46:24 [restartedMain] INFO  o.a.c.c.C.[Tomcat].[localhost].[/] - Initializing Spring embedded WebApplicationContext
""2020-05-09 07:46:24 [restartedMain] INFO  o.s.web.context.ContextLoader - Root WebApplicationContext: initialization completed in 1489 ms
""2020-05-09 07:46:25 [restartedMain] INFO  com.zaxxer.hikari.HikariDataSource - HikariPool-2 - Starting...
""2020-05-09 07:46:25 [restartedMain] INFO  com.zaxxer.hikari.HikariDataSource - HikariPool-2 - Start completed.
""2020-05-09 07:46:25 [restartedMain] INFO  o.h.jpa.internal.util.LogHelper - HHH000204: Processing PersistenceUnitInfo [
	name: default
	...]
""2020-05-09 07:46:25 [restartedMain] INFO  org.hibernate.dialect.Dialect - HHH000400: Using dialect: org.hibernate.dialect.MySQL5Dialect
""2020-05-09 07:46:25 [restartedMain] INFO  o.s.o.j.LocalContainerEntityManagerFactoryBean - Initialized JPA EntityManagerFactory for persistence unit 'default'
""2020-05-09 07:46:54 [restartedMain] INFO  o.s.c.c.c.ConfigServicePropertySourceLocator - Fetching config from server at : http://localhost:8181
""2020-05-09 07:46:56 [restartedMain] INFO  o.s.c.c.c.ConfigServicePropertySourceLocator - Located environment: name=SpringCloudconfig, profiles=[default], label=null, version=caa03509b3720276ddb9e08ae4fb0b39c0958bbb, state=null
""2020-05-09 07:46:56 [restartedMain] INFO  o.s.c.b.c.PropertySourceBootstrapConfiguration - Located property source: [BootstrapPropertySource {name='bootstrapProperties-configClient'}, BootstrapPropertySource {name='bootstrapProperties-https://github.com/susmitha2916/springcloudconfig/application.properties'}]
""2020-05-09 07:46:56 [restartedMain] INFO  com.vp.CsuserloginApplication - No active profile set, falling back to default profiles: default
""2020-05-09 07:46:57 [restartedMain] INFO  o.s.d.r.c.RepositoryConfigurationDelegate - Bootstrapping Spring Data JPA repositories in DEFAULT mode.
""2020-05-09 07:46:57 [restartedMain] INFO  o.s.d.r.c.RepositoryConfigurationDelegate - Finished Spring Data repository scanning in 97ms. Found 1 JPA repository interfaces.
""2020-05-09 07:46:58 [restartedMain] WARN  o.s.boot.actuate.endpoint.EndpointId - Endpoint ID 'service-registry' contains invalid characters, please migrate to a valid format.
""2020-05-09 07:46:58 [restartedMain] INFO  o.s.cloud.context.scope.GenericScope - BeanFactory id=b4dd5e5c-8208-3384-ae3b-a90fb0255805
""2020-05-09 07:46:58 [restartedMain] INFO  o.s.c.s.PostProcessorRegistrationDelegate$BeanPostProcessorChecker - Bean 'org.springframework.transaction.annotation.ProxyTransactionManagementConfiguration' of type [org.springframework.transaction.annotation.ProxyTransactionManagementConfiguration] is not eligible for getting processed by all BeanPostProcessors (for example: not eligible for auto-proxying)
""2020-05-09 07:46:59 [restartedMain] INFO  o.s.b.w.e.tomcat.TomcatWebServer - Tomcat initialized with port(s): 0 (http)
""2020-05-09 07:46:59 [restartedMain] INFO  o.a.catalina.core.StandardService - Starting service [Tomcat]
""2020-05-09 07:46:59 [restartedMain] INFO  o.a.catalina.core.StandardEngine - Starting Servlet engine: [Apache Tomcat/9.0.30]
""2020-05-09 07:46:59 [restartedMain] INFO  o.a.c.c.C.[Tomcat].[localhost].[/] - Initializing Spring embedded WebApplicationContext
""2020-05-09 07:46:59 [restartedMain] INFO  o.s.web.context.ContextLoader - Root WebApplicationContext: initialization completed in 3309 ms
""2020-05-09 07:46:59 [restartedMain] WARN  c.n.c.sources.URLConfigurationSource - No URLs will be polled as dynamic configuration sources.
""2020-05-09 07:46:59 [restartedMain] INFO  c.n.c.sources.URLConfigurationSource - To enable URLs as dynamic configuration sources, define System property archaius.configurationSource.additionalUrls or make config.properties available on classpath.
""2020-05-09 07:46:59 [restartedMain] INFO  c.n.config.DynamicPropertyFactory - DynamicPropertyFactory is initialized with configuration sources: com.netflix.config.ConcurrentCompositeConfiguration@667eed5e
""2020-05-09 07:47:00 [restartedMain] INFO  com.zaxxer.hikari.HikariDataSource - HikariPool-1 - Starting...
""2020-05-09 07:47:01 [restartedMain] INFO  com.zaxxer.hikari.HikariDataSource - HikariPool-1 - Start completed.
""2020-05-09 07:47:01 [restartedMain] INFO  o.h.jpa.internal.util.LogHelper - HHH000204: Processing PersistenceUnitInfo [
	name: default
	...]
""2020-05-09 07:47:01 [restartedMain] INFO  org.hibernate.Version - HHH000412: Hibernate Core {5.2.1.Final}
""2020-05-09 07:47:01 [restartedMain] INFO  org.hibernate.cfg.Environment - HHH000206: hibernate.properties not found
""2020-05-09 07:47:02 [restartedMain] INFO  org.hibernate.cfg.Environment - HHH000021: Bytecode provider name : javassist
""2020-05-09 07:47:02 [restartedMain] INFO  o.h.annotations.common.Version - HCANN000001: Hibernate Commons Annotations {5.0.1.Final}
""2020-05-09 07:47:02 [restartedMain] INFO  org.hibernate.dialect.Dialect - HHH000400: Using dialect: org.hibernate.dialect.MySQL5Dialect
""2020-05-09 07:47:02 [restartedMain] INFO  o.s.o.j.LocalContainerEntityManagerFactoryBean - Initialized JPA EntityManagerFactory for persistence unit 'default'
""2020-05-09 07:47:03 [restartedMain] WARN  o.s.b.a.o.j.JpaBaseConfiguration$JpaWebConfiguration - spring.jpa.open-in-view is enabled by default. Therefore, database queries may be performed during view rendering. Explicitly configure spring.jpa.open-in-view to disable this warning
""2020-05-09 07:47:03 [restartedMain] INFO  o.s.b.a.e.web.EndpointLinksResolver - Exposing 2 endpoint(s) beneath base path '/actuator'
""2020-05-09 07:47:03 [restartedMain] INFO  s.d.s.w.PropertySourcedRequestMappingHandlerMapping - Mapped URL path [/v2/api-docs] onto method [springfox.documentation.swagger2.web.Swagger2Controller#getDocumentation(String, HttpServletRequest)]
""2020-05-09 07:47:03 [restartedMain] WARN  c.n.c.sources.URLConfigurationSource - No URLs will be polled as dynamic configuration sources.
""2020-05-09 07:47:03 [restartedMain] INFO  c.n.c.sources.URLConfigurationSource - To enable URLs as dynamic configuration sources, define System property archaius.configurationSource.additionalUrls or make config.properties available on classpath.
""2020-05-09 07:47:04 [restartedMain] INFO  o.s.s.c.ThreadPoolTaskExecutor - Initializing ExecutorService 'applicationTaskExecutor'
""2020-05-09 07:47:04 [restartedMain] INFO  o.s.b.d.a.OptionalLiveReloadServer - LiveReload server is running on port 35729
""2020-05-09 07:47:05 [restartedMain] WARN  o.s.c.l.c.BlockingLoadBalancerClientAutoConfiguration$BlockingLoadBalancerClientRibbonWarnLogger - You already have RibbonLoadBalancerClient on your classpath. It will be used by default. As Spring Cloud Ribbon is in maintenance mode. We recommend switching to BlockingLoadBalancerClient instead. In order to use it, set the value of `spring.cloud.loadbalancer.ribbon.enabled` to `false` or remove spring-cloud-starter-netflix-ribbon from your project.
""2020-05-09 07:47:06 [restartedMain] INFO  s.d.s.w.p.DocumentationPluginsBootstrapper - Context refreshed
""2020-05-09 07:47:06 [restartedMain] INFO  s.d.s.w.p.DocumentationPluginsBootstrapper - Found 1 custom documentation plugin(s)
""2020-05-09 07:47:06 [restartedMain] INFO  s.d.s.w.s.ApiListingReferenceScanner - Scanning for api listing references
""2020-05-09 07:47:06 [restartedMain] INFO  o.s.b.w.e.tomcat.TomcatWebServer - Tomcat started on port(s): 61571 (http) with context path ''
""2020-05-09 07:47:06 [restartedMain] INFO  o.s.c.n.e.s.EurekaAutoServiceRegistration - Updating port to 61571
""2020-05-09 07:47:06 [restartedMain] INFO  o.s.c.n.eureka.InstanceInfoFactory - Setting initial instance status as: STARTING
""2020-05-09 07:47:06 [restartedMain] INFO  c.netflix.discovery.DiscoveryClient - Initializing Eureka in region us-east-1
""2020-05-09 07:47:06 [restartedMain] INFO  c.n.d.p.DiscoveryJerseyProvider - Using JSON encoding codec LegacyJacksonJson
""2020-05-09 07:47:06 [restartedMain] INFO  c.n.d.p.DiscoveryJerseyProvider - Using JSON decoding codec LegacyJacksonJson
""2020-05-09 07:47:06 [restartedMain] INFO  c.n.d.p.DiscoveryJerseyProvider - Using XML encoding codec XStreamXml
""2020-05-09 07:47:06 [restartedMain] INFO  c.n.d.p.DiscoveryJerseyProvider - Using XML decoding codec XStreamXml
""2020-05-09 07:47:06 [RMI TCP Connection(1)-127.0.0.1] INFO  o.a.c.c.C.[Tomcat].[localhost].[/] - Initializing Spring DispatcherServlet 'dispatcherServlet'
""2020-05-09 07:47:06 [RMI TCP Connection(1)-127.0.0.1] INFO  o.s.web.servlet.DispatcherServlet - Initializing Servlet 'dispatcherServlet'
""2020-05-09 07:47:06 [RMI TCP Connection(1)-127.0.0.1] INFO  o.s.web.servlet.DispatcherServlet - Completed initialization in 13 ms
""2020-05-09 07:47:07 [restartedMain] INFO  c.n.d.s.r.aws.ConfigClusterResolver - Resolving eureka endpoints via configuration
""2020-05-09 07:47:07 [restartedMain] INFO  c.netflix.discovery.DiscoveryClient - Disable delta property : false
""2020-05-09 07:47:07 [restartedMain] INFO  c.netflix.discovery.DiscoveryClient - Single vip registry refresh property : null
""2020-05-09 07:47:07 [restartedMain] INFO  c.netflix.discovery.DiscoveryClient - Force full registry fetch : false
""2020-05-09 07:47:07 [restartedMain] INFO  c.netflix.discovery.DiscoveryClient - Application is null : false
""2020-05-09 07:47:07 [restartedMain] INFO  c.netflix.discovery.DiscoveryClient - Registered Applications size is zero : true
""2020-05-09 07:47:07 [restartedMain] INFO  c.netflix.discovery.DiscoveryClient - Application version is -1: true
""2020-05-09 07:47:07 [restartedMain] INFO  c.netflix.discovery.DiscoveryClient - Getting all instance registry info from the eureka server
""2020-05-09 07:47:07 [restartedMain] INFO  c.netflix.discovery.DiscoveryClient - The response status is 200
""2020-05-09 07:47:07 [restartedMain] INFO  c.netflix.discovery.DiscoveryClient - Starting heartbeat executor: renew interval is: 30
""2020-05-09 07:47:07 [restartedMain] INFO  c.n.discovery.InstanceInfoReplicator - InstanceInfoReplicator onDemand update allowed rate per min is 4
""2020-05-09 07:47:07 [restartedMain] INFO  c.netflix.discovery.DiscoveryClient - Discovery Client initialized at timestamp 1588990627622 with initial instances count: 1
""2020-05-09 07:47:07 [restartedMain] INFO  o.s.c.n.e.s.EurekaServiceRegistry - Registering application USERLOGIN with eureka with status UP
""2020-05-09 07:47:07 [restartedMain] INFO  c.netflix.discovery.DiscoveryClient - Saw local status change event StatusChangeEvent [timestamp=1588990627628, current=UP, previous=STARTING]
""2020-05-09 07:47:07 [DiscoveryClient-InstanceInfoReplicator-0] INFO  c.netflix.discovery.DiscoveryClient - DiscoveryClient_USERLOGIN/userlogin:3bbd057c19dd899828ca771a68cad584: registering service...
""2020-05-09 07:47:07 [DiscoveryClient-InstanceInfoReplicator-0] INFO  c.netflix.discovery.DiscoveryClient - DiscoveryClient_USERLOGIN/userlogin:3bbd057c19dd899828ca771a68cad584 - registration status: 204
""2020-05-09 07:47:08 [restartedMain] INFO  com.vp.CsuserloginApplication - Started CsuserloginApplication in 16.074 seconds (JVM running for 18.301)
""2020-05-09 07:48:50 [Thread-9] INFO  o.s.c.n.e.s.EurekaServiceRegistry - Unregistering application USERLOGIN with eureka with status DOWN
""2020-05-09 07:48:50 [Thread-9] WARN  c.netflix.discovery.DiscoveryClient - Saw local status change event StatusChangeEvent [timestamp=1588990730309, current=DOWN, previous=UP]
""2020-05-09 07:48:50 [DiscoveryClient-InstanceInfoReplicator-0] INFO  c.netflix.discovery.DiscoveryClient - DiscoveryClient_USERLOGIN/userlogin:3bbd057c19dd899828ca771a68cad584: registering service...
""2020-05-09 07:48:50 [DiscoveryClient-InstanceInfoReplicator-0] INFO  c.netflix.discovery.DiscoveryClient - DiscoveryClient_USERLOGIN/userlogin:3bbd057c19dd899828ca771a68cad584 - registration status: 204
""2020-05-09 07:48:50 [Thread-9] INFO  o.s.s.c.ThreadPoolTaskExecutor - Shutting down ExecutorService 'applicationTaskExecutor'
""2020-05-09 07:48:50 [Thread-9] INFO  o.s.o.j.LocalContainerEntityManagerFactoryBean - Closing JPA EntityManagerFactory for persistence unit 'default'
""2020-05-09 07:48:50 [Thread-9] INFO  c.netflix.discovery.DiscoveryClient - Shutting down DiscoveryClient ...
""2020-05-09 07:48:53 [Thread-9] INFO  c.netflix.discovery.DiscoveryClient - Unregistering ...
""2020-05-09 07:48:53 [Thread-9] INFO  c.netflix.discovery.DiscoveryClient - DiscoveryClient_USERLOGIN/userlogin:3bbd057c19dd899828ca771a68cad584 - deregister  status: 200
""2020-05-09 07:48:53 [Thread-9] INFO  c.netflix.discovery.DiscoveryClient - Completed shut down of DiscoveryClient
""2020-05-09 07:48:53 [Thread-9] INFO  com.zaxxer.hikari.HikariDataSource - HikariPool-1 - Shutdown initiated...
""2020-05-09 07:48:53 [Thread-9] INFO  com.zaxxer.hikari.HikariDataSource - HikariPool-1 - Shutdown completed.
"