"2020-05-09 07:10:08 [restartedMain] INFO  o.s.c.c.c.ConfigServicePropertySourceLocator - Fetching config from server at : http://localhost:8181
""2020-05-09 07:10:09 [restartedMain] INFO  o.s.c.c.c.ConfigServicePropertySourceLocator - Located environment: name=SpringCloudconfig, profiles=[default], label=null, version=caa03509b3720276ddb9e08ae4fb0b39c0958bbb, state=null
""2020-05-09 07:10:09 [restartedMain] INFO  o.s.c.b.c.PropertySourceBootstrapConfiguration - Located property source: [BootstrapPropertySource {name='bootstrapProperties-configClient'}, BootstrapPropertySource {name='bootstrapProperties-https://github.com/susmitha2916/springcloudconfig/application.properties'}]
""2020-05-09 07:10:09 [restartedMain] INFO  com.vp.CsuserloginApplication - No active profile set, falling back to default profiles: default
""2020-05-09 07:10:10 [restartedMain] INFO  o.s.d.r.c.RepositoryConfigurationDelegate - Bootstrapping Spring Data JPA repositories in DEFAULT mode.
""2020-05-09 07:10:10 [restartedMain] INFO  o.s.d.r.c.RepositoryConfigurationDelegate - Finished Spring Data repository scanning in 12ms. Found 1 JPA repository interfaces.
""2020-05-09 07:10:10 [restartedMain] INFO  o.s.cloud.context.scope.GenericScope - BeanFactory id=b4dd5e5c-8208-3384-ae3b-a90fb0255805
""2020-05-09 07:10:11 [restartedMain] INFO  o.s.c.s.PostProcessorRegistrationDelegate$BeanPostProcessorChecker - Bean 'org.springframework.transaction.annotation.ProxyTransactionManagementConfiguration' of type [org.springframework.transaction.annotation.ProxyTransactionManagementConfiguration] is not eligible for getting processed by all BeanPostProcessors (for example: not eligible for auto-proxying)
""2020-05-09 07:10:11 [restartedMain] INFO  o.s.b.w.e.tomcat.TomcatWebServer - Tomcat initialized with port(s): 0 (http)
""2020-05-09 07:10:11 [restartedMain] INFO  o.a.catalina.core.StandardService - Starting service [Tomcat]
""2020-05-09 07:10:11 [restartedMain] INFO  o.a.catalina.core.StandardEngine - Starting Servlet engine: [Apache Tomcat/9.0.30]
""2020-05-09 07:10:11 [restartedMain] INFO  o.a.c.c.C.[Tomcat].[localhost].[/] - Initializing Spring embedded WebApplicationContext
""2020-05-09 07:10:11 [restartedMain] INFO  o.s.web.context.ContextLoader - Root WebApplicationContext: initialization completed in 1613 ms
""2020-05-09 07:10:12 [restartedMain] INFO  com.zaxxer.hikari.HikariDataSource - HikariPool-3 - Starting...
""2020-05-09 07:10:12 [restartedMain] INFO  com.zaxxer.hikari.HikariDataSource - HikariPool-3 - Start completed.
""2020-05-09 07:10:12 [restartedMain] INFO  o.h.jpa.internal.util.LogHelper - HHH000204: Processing PersistenceUnitInfo [
	name: default
	...]
""2020-05-09 07:10:12 [restartedMain] INFO  org.hibernate.dialect.Dialect - HHH000400: Using dialect: org.hibernate.dialect.MySQL5Dialect
""2020-05-09 07:10:12 [restartedMain] INFO  o.s.o.j.LocalContainerEntityManagerFactoryBean - Initialized JPA EntityManagerFactory for persistence unit 'default'
""2020-05-09 07:10:13 [restartedMain] WARN  o.s.b.a.o.j.JpaBaseConfiguration$JpaWebConfiguration - spring.jpa.open-in-view is enabled by default. Therefore, database queries may be performed during view rendering. Explicitly configure spring.jpa.open-in-view to disable this warning
""2020-05-09 07:10:13 [restartedMain] INFO  o.s.b.a.e.web.EndpointLinksResolver - Exposing 2 endpoint(s) beneath base path '/actuator'
""2020-05-09 07:10:13 [restartedMain] INFO  s.d.s.w.PropertySourcedRequestMappingHandlerMapping - Mapped URL path [/v2/api-docs] onto method [springfox.documentation.swagger2.web.Swagger2Controller#getDocumentation(String, HttpServletRequest)]
""2020-05-09 07:10:13 [restartedMain] WARN  c.n.c.sources.URLConfigurationSource - No URLs will be polled as dynamic configuration sources.
""2020-05-09 07:10:13 [restartedMain] INFO  c.n.c.sources.URLConfigurationSource - To enable URLs as dynamic configuration sources, define System property archaius.configurationSource.additionalUrls or make config.properties available on classpath.
""2020-05-09 07:10:13 [restartedMain] INFO  o.s.s.c.ThreadPoolTaskExecutor - Initializing ExecutorService 'applicationTaskExecutor'
""2020-05-09 07:10:13 [restartedMain] INFO  o.s.b.d.a.OptionalLiveReloadServer - LiveReload server is running on port 35729
""2020-05-09 07:10:14 [restartedMain] WARN  o.s.c.l.c.BlockingLoadBalancerClientAutoConfiguration$BlockingLoadBalancerClientRibbonWarnLogger - You already have RibbonLoadBalancerClient on your classpath. It will be used by default. As Spring Cloud Ribbon is in maintenance mode. We recommend switching to BlockingLoadBalancerClient instead. In order to use it, set the value of `spring.cloud.loadbalancer.ribbon.enabled` to `false` or remove spring-cloud-starter-netflix-ribbon from your project.
""2020-05-09 07:10:14 [restartedMain] INFO  s.d.s.w.p.DocumentationPluginsBootstrapper - Context refreshed
""2020-05-09 07:10:14 [restartedMain] INFO  s.d.s.w.p.DocumentationPluginsBootstrapper - Found 1 custom documentation plugin(s)
""2020-05-09 07:10:14 [restartedMain] INFO  s.d.s.w.s.ApiListingReferenceScanner - Scanning for api listing references
""2020-05-09 07:10:14 [restartedMain] INFO  o.s.b.w.e.tomcat.TomcatWebServer - Tomcat started on port(s): 61151 (http) with context path ''
""2020-05-09 07:10:14 [restartedMain] INFO  o.s.c.n.e.s.EurekaAutoServiceRegistration - Updating port to 61151
""2020-05-09 07:10:14 [restartedMain] INFO  o.s.c.n.eureka.InstanceInfoFactory - Setting initial instance status as: STARTING
""2020-05-09 07:10:14 [restartedMain] INFO  c.netflix.discovery.DiscoveryClient - Initializing Eureka in region us-east-1
""2020-05-09 07:10:14 [restartedMain] INFO  c.n.d.p.DiscoveryJerseyProvider - Using JSON encoding codec LegacyJacksonJson
""2020-05-09 07:10:14 [restartedMain] INFO  c.n.d.p.DiscoveryJerseyProvider - Using JSON decoding codec LegacyJacksonJson
""2020-05-09 07:10:14 [restartedMain] INFO  c.n.d.p.DiscoveryJerseyProvider - Using XML encoding codec XStreamXml
""2020-05-09 07:10:14 [restartedMain] INFO  c.n.d.p.DiscoveryJerseyProvider - Using XML decoding codec XStreamXml
""2020-05-09 07:10:14 [restartedMain] INFO  c.n.d.s.r.aws.ConfigClusterResolver - Resolving eureka endpoints via configuration
""2020-05-09 07:10:14 [restartedMain] INFO  c.netflix.discovery.DiscoveryClient - Disable delta property : false
""2020-05-09 07:10:14 [restartedMain] INFO  c.netflix.discovery.DiscoveryClient - Single vip registry refresh property : null
""2020-05-09 07:10:14 [restartedMain] INFO  c.netflix.discovery.DiscoveryClient - Force full registry fetch : false
""2020-05-09 07:10:14 [restartedMain] INFO  c.netflix.discovery.DiscoveryClient - Application is null : false
""2020-05-09 07:10:14 [restartedMain] INFO  c.netflix.discovery.DiscoveryClient - Registered Applications size is zero : true
""2020-05-09 07:10:14 [restartedMain] INFO  c.netflix.discovery.DiscoveryClient - Application version is -1: true
""2020-05-09 07:10:14 [restartedMain] INFO  c.netflix.discovery.DiscoveryClient - Getting all instance registry info from the eureka server
""2020-05-09 07:10:14 [restartedMain] INFO  c.netflix.discovery.DiscoveryClient - The response status is 200
""2020-05-09 07:10:14 [restartedMain] INFO  c.netflix.discovery.DiscoveryClient - Starting heartbeat executor: renew interval is: 30
""2020-05-09 07:10:14 [restartedMain] INFO  c.n.discovery.InstanceInfoReplicator - InstanceInfoReplicator onDemand update allowed rate per min is 4
""2020-05-09 07:10:14 [restartedMain] INFO  c.netflix.discovery.DiscoveryClient - Discovery Client initialized at timestamp 1588988414784 with initial instances count: 2
""2020-05-09 07:10:14 [restartedMain] INFO  o.s.c.n.e.s.EurekaServiceRegistry - Registering application USERLOGIN with eureka with status UP
""2020-05-09 07:10:14 [restartedMain] INFO  c.netflix.discovery.DiscoveryClient - Saw local status change event StatusChangeEvent [timestamp=1588988414789, current=UP, previous=STARTING]
""2020-05-09 07:10:14 [DiscoveryClient-InstanceInfoReplicator-0] INFO  c.netflix.discovery.DiscoveryClient - DiscoveryClient_USERLOGIN/userlogin:5222c54fefc4db3bb99199b62124a072: registering service...
""2020-05-09 07:10:14 [DiscoveryClient-InstanceInfoReplicator-0] INFO  c.netflix.discovery.DiscoveryClient - DiscoveryClient_USERLOGIN/userlogin:5222c54fefc4db3bb99199b62124a072 - registration status: 204
""2020-05-09 07:10:15 [restartedMain] INFO  com.vp.CsuserloginApplication - Started CsuserloginApplication in 7.967 seconds (JVM running for 254.254)
""2020-05-09 07:10:15 [restartedMain] INFO  o.s.b.d.a.ConditionEvaluationDeltaLoggingListener - Condition evaluation unchanged
""2020-05-09 07:12:47 [Thread-21] INFO  o.s.c.n.e.s.EurekaServiceRegistry - Unregistering application USERLOGIN with eureka with status DOWN
""2020-05-09 07:12:47 [Thread-21] WARN  c.netflix.discovery.DiscoveryClient - Saw local status change event StatusChangeEvent [timestamp=1588988567259, current=DOWN, previous=UP]
""2020-05-09 07:12:47 [DiscoveryClient-InstanceInfoReplicator-0] INFO  c.netflix.discovery.DiscoveryClient - DiscoveryClient_USERLOGIN/userlogin:5222c54fefc4db3bb99199b62124a072: registering service...
""2020-05-09 07:12:47 [Thread-21] INFO  o.s.s.c.ThreadPoolTaskExecutor - Shutting down ExecutorService 'applicationTaskExecutor'
""2020-05-09 07:12:47 [Thread-21] INFO  o.s.o.j.LocalContainerEntityManagerFactoryBean - Closing JPA EntityManagerFactory for persistence unit 'default'
""2020-05-09 07:12:47 [DiscoveryClient-InstanceInfoReplicator-0] INFO  c.netflix.discovery.DiscoveryClient - DiscoveryClient_USERLOGIN/userlogin:5222c54fefc4db3bb99199b62124a072 - registration status: 204
""2020-05-09 07:12:47 [Thread-21] INFO  c.netflix.discovery.DiscoveryClient - Shutting down DiscoveryClient ...
""2020-05-09 07:12:50 [Thread-21] INFO  c.netflix.discovery.DiscoveryClient - Unregistering ...
""2020-05-09 07:12:50 [Thread-21] INFO  c.netflix.discovery.DiscoveryClient - DiscoveryClient_USERLOGIN/userlogin:5222c54fefc4db3bb99199b62124a072 - deregister  status: 200
""2020-05-09 07:12:50 [Thread-21] INFO  c.netflix.discovery.DiscoveryClient - Completed shut down of DiscoveryClient
""2020-05-09 07:12:50 [Thread-21] INFO  com.zaxxer.hikari.HikariDataSource - HikariPool-3 - Shutdown initiated...
""2020-05-09 07:12:50 [Thread-21] INFO  com.zaxxer.hikari.HikariDataSource - HikariPool-3 - Shutdown completed.
""2020-05-09 07:12:52 [restartedMain] INFO  o.s.c.c.c.ConfigServicePropertySourceLocator - Fetching config from server at : http://localhost:8181
""2020-05-09 07:12:54 [restartedMain] INFO  o.s.c.c.c.ConfigServicePropertySourceLocator - Located environment: name=SpringCloudconfig, profiles=[default], label=null, version=caa03509b3720276ddb9e08ae4fb0b39c0958bbb, state=null
""2020-05-09 07:12:54 [restartedMain] INFO  o.s.c.b.c.PropertySourceBootstrapConfiguration - Located property source: [BootstrapPropertySource {name='bootstrapProperties-configClient'}, BootstrapPropertySource {name='bootstrapProperties-https://github.com/susmitha2916/springcloudconfig/application.properties'}]
""2020-05-09 07:12:54 [restartedMain] INFO  com.vp.CsuserloginApplication - No active profile set, falling back to default profiles: default
""2020-05-09 07:12:55 [restartedMain] INFO  o.s.d.r.c.RepositoryConfigurationDelegate - Bootstrapping Spring Data JPA repositories in DEFAULT mode.
""2020-05-09 07:12:55 [restartedMain] INFO  o.s.d.r.c.RepositoryConfigurationDelegate - Finished Spring Data repository scanning in 18ms. Found 1 JPA repository interfaces.
""2020-05-09 07:12:55 [restartedMain] INFO  o.s.cloud.context.scope.GenericScope - BeanFactory id=b4dd5e5c-8208-3384-ae3b-a90fb0255805
""2020-05-09 07:12:55 [restartedMain] INFO  o.s.c.s.PostProcessorRegistrationDelegate$BeanPostProcessorChecker - Bean 'org.springframework.transaction.annotation.ProxyTransactionManagementConfiguration' of type [org.springframework.transaction.annotation.ProxyTransactionManagementConfiguration] is not eligible for getting processed by all BeanPostProcessors (for example: not eligible for auto-proxying)
""2020-05-09 07:12:56 [restartedMain] INFO  o.s.b.w.e.tomcat.TomcatWebServer - Tomcat initialized with port(s): 0 (http)
""2020-05-09 07:12:56 [restartedMain] INFO  o.a.catalina.core.StandardService - Starting service [Tomcat]
""2020-05-09 07:12:56 [restartedMain] INFO  o.a.catalina.core.StandardEngine - Starting Servlet engine: [Apache Tomcat/9.0.30]
""2020-05-09 07:12:56 [restartedMain] INFO  o.a.c.c.C.[Tomcat].[localhost].[/] - Initializing Spring embedded WebApplicationContext
""2020-05-09 07:12:56 [restartedMain] INFO  o.s.web.context.ContextLoader - Root WebApplicationContext: initialization completed in 1874 ms
""2020-05-09 07:12:57 [restartedMain] INFO  com.zaxxer.hikari.HikariDataSource - HikariPool-4 - Starting...
""2020-05-09 07:12:57 [restartedMain] INFO  com.zaxxer.hikari.HikariDataSource - HikariPool-4 - Start completed.
""2020-05-09 07:12:57 [restartedMain] INFO  o.h.jpa.internal.util.LogHelper - HHH000204: Processing PersistenceUnitInfo [
	name: default
	...]
""2020-05-09 07:12:57 [restartedMain] INFO  org.hibernate.dialect.Dialect - HHH000400: Using dialect: org.hibernate.dialect.MySQL5Dialect
""2020-05-09 07:12:58 [restartedMain] INFO  o.s.o.j.LocalContainerEntityManagerFactoryBean - Initialized JPA EntityManagerFactory for persistence unit 'default'
""2020-05-09 07:12:58 [restartedMain] WARN  o.s.b.a.o.j.JpaBaseConfiguration$JpaWebConfiguration - spring.jpa.open-in-view is enabled by default. Therefore, database queries may be performed during view rendering. Explicitly configure spring.jpa.open-in-view to disable this warning
""2020-05-09 07:12:58 [restartedMain] INFO  o.s.b.a.e.web.EndpointLinksResolver - Exposing 2 endpoint(s) beneath base path '/actuator'
""2020-05-09 07:12:58 [restartedMain] INFO  s.d.s.w.PropertySourcedRequestMappingHandlerMapping - Mapped URL path [/v2/api-docs] onto method [springfox.documentation.swagger2.web.Swagger2Controller#getDocumentation(String, HttpServletRequest)]
""2020-05-09 07:12:58 [restartedMain] WARN  c.n.c.sources.URLConfigurationSource - No URLs will be polled as dynamic configuration sources.
""2020-05-09 07:12:58 [restartedMain] INFO  c.n.c.sources.URLConfigurationSource - To enable URLs as dynamic configuration sources, define System property archaius.configurationSource.additionalUrls or make config.properties available on classpath.
""2020-05-09 07:12:58 [restartedMain] INFO  o.s.s.c.ThreadPoolTaskExecutor - Initializing ExecutorService 'applicationTaskExecutor'
""2020-05-09 07:12:58 [restartedMain] INFO  o.s.b.d.a.OptionalLiveReloadServer - LiveReload server is running on port 35729
""2020-05-09 07:12:59 [restartedMain] WARN  o.s.c.l.c.BlockingLoadBalancerClientAutoConfiguration$BlockingLoadBalancerClientRibbonWarnLogger - You already have RibbonLoadBalancerClient on your classpath. It will be used by default. As Spring Cloud Ribbon is in maintenance mode. We recommend switching to BlockingLoadBalancerClient instead. In order to use it, set the value of `spring.cloud.loadbalancer.ribbon.enabled` to `false` or remove spring-cloud-starter-netflix-ribbon from your project.
""2020-05-09 07:12:59 [restartedMain] INFO  s.d.s.w.p.DocumentationPluginsBootstrapper - Context refreshed
""2020-05-09 07:12:59 [restartedMain] INFO  s.d.s.w.p.DocumentationPluginsBootstrapper - Found 1 custom documentation plugin(s)
""2020-05-09 07:12:59 [restartedMain] INFO  s.d.s.w.s.ApiListingReferenceScanner - Scanning for api listing references
""2020-05-09 07:12:59 [restartedMain] INFO  o.s.b.w.e.tomcat.TomcatWebServer - Tomcat started on port(s): 61171 (http) with context path ''
""2020-05-09 07:12:59 [restartedMain] INFO  o.s.c.n.e.s.EurekaAutoServiceRegistration - Updating port to 61171
""2020-05-09 07:12:59 [restartedMain] INFO  o.s.c.n.eureka.InstanceInfoFactory - Setting initial instance status as: STARTING
""2020-05-09 07:12:59 [restartedMain] INFO  c.netflix.discovery.DiscoveryClient - Initializing Eureka in region us-east-1
""2020-05-09 07:12:59 [restartedMain] INFO  c.n.d.p.DiscoveryJerseyProvider - Using JSON encoding codec LegacyJacksonJson
""2020-05-09 07:12:59 [restartedMain] INFO  c.n.d.p.DiscoveryJerseyProvider - Using JSON decoding codec LegacyJacksonJson
""2020-05-09 07:12:59 [restartedMain] INFO  c.n.d.p.DiscoveryJerseyProvider - Using XML encoding codec XStreamXml
""2020-05-09 07:12:59 [restartedMain] INFO  c.n.d.p.DiscoveryJerseyProvider - Using XML decoding codec XStreamXml
""2020-05-09 07:13:00 [restartedMain] INFO  c.n.d.s.r.aws.ConfigClusterResolver - Resolving eureka endpoints via configuration
""2020-05-09 07:13:00 [restartedMain] INFO  c.netflix.discovery.DiscoveryClient - Disable delta property : false
""2020-05-09 07:13:00 [restartedMain] INFO  c.netflix.discovery.DiscoveryClient - Single vip registry refresh property : null
""2020-05-09 07:13:00 [restartedMain] INFO  c.netflix.discovery.DiscoveryClient - Force full registry fetch : false
""2020-05-09 07:13:00 [restartedMain] INFO  c.netflix.discovery.DiscoveryClient - Application is null : false
""2020-05-09 07:13:00 [restartedMain] INFO  c.netflix.discovery.DiscoveryClient - Registered Applications size is zero : true
""2020-05-09 07:13:00 [restartedMain] INFO  c.netflix.discovery.DiscoveryClient - Application version is -1: true
""2020-05-09 07:13:00 [restartedMain] INFO  c.netflix.discovery.DiscoveryClient - Getting all instance registry info from the eureka server
""2020-05-09 07:13:00 [restartedMain] INFO  c.netflix.discovery.DiscoveryClient - The response status is 200
""2020-05-09 07:13:00 [restartedMain] INFO  c.netflix.discovery.DiscoveryClient - Starting heartbeat executor: renew interval is: 30
""2020-05-09 07:13:00 [restartedMain] INFO  c.n.discovery.InstanceInfoReplicator - InstanceInfoReplicator onDemand update allowed rate per min is 4
""2020-05-09 07:13:00 [restartedMain] INFO  c.netflix.discovery.DiscoveryClient - Discovery Client initialized at timestamp 1588988580260 with initial instances count: 1
""2020-05-09 07:13:00 [restartedMain] INFO  o.s.c.n.e.s.EurekaServiceRegistry - Registering application USERLOGIN with eureka with status UP
""2020-05-09 07:13:00 [restartedMain] INFO  c.netflix.discovery.DiscoveryClient - Saw local status change event StatusChangeEvent [timestamp=1588988580263, current=UP, previous=STARTING]
""2020-05-09 07:13:00 [DiscoveryClient-InstanceInfoReplicator-0] INFO  c.netflix.discovery.DiscoveryClient - DiscoveryClient_USERLOGIN/userlogin:9ec06b83ba5006b594e8c67802565c5d: registering service...
""2020-05-09 07:13:00 [DiscoveryClient-InstanceInfoReplicator-0] INFO  c.netflix.discovery.DiscoveryClient - DiscoveryClient_USERLOGIN/userlogin:9ec06b83ba5006b594e8c67802565c5d - registration status: 204
""2020-05-09 07:13:00 [restartedMain] INFO  com.vp.CsuserloginApplication - Started CsuserloginApplication in 9.246 seconds (JVM running for 419.737)
""2020-05-09 07:13:00 [restartedMain] INFO  o.s.b.d.a.ConditionEvaluationDeltaLoggingListener - Condition evaluation unchanged
""2020-05-09 07:15:32 [Thread-29] INFO  o.s.c.n.e.s.EurekaServiceRegistry - Unregistering application USERLOGIN with eureka with status DOWN
""2020-05-09 07:15:32 [Thread-29] WARN  c.netflix.discovery.DiscoveryClient - Saw local status change event StatusChangeEvent [timestamp=1588988732612, current=DOWN, previous=UP]
""2020-05-09 07:15:32 [DiscoveryClient-InstanceInfoReplicator-0] INFO  c.netflix.discovery.DiscoveryClient - DiscoveryClient_USERLOGIN/userlogin:9ec06b83ba5006b594e8c67802565c5d: registering service...
""2020-05-09 07:15:32 [Thread-29] INFO  o.s.s.c.ThreadPoolTaskExecutor - Shutting down ExecutorService 'applicationTaskExecutor'
""2020-05-09 07:15:32 [DiscoveryClient-InstanceInfoReplicator-0] INFO  c.netflix.discovery.DiscoveryClient - DiscoveryClient_USERLOGIN/userlogin:9ec06b83ba5006b594e8c67802565c5d - registration status: 204
""2020-05-09 07:15:32 [Thread-29] INFO  o.s.o.j.LocalContainerEntityManagerFactoryBean - Closing JPA EntityManagerFactory for persistence unit 'default'
""2020-05-09 07:15:32 [Thread-29] INFO  c.netflix.discovery.DiscoveryClient - Shutting down DiscoveryClient ...
""2020-05-09 07:15:35 [Thread-29] INFO  c.netflix.discovery.DiscoveryClient - Unregistering ...
""2020-05-09 07:15:35 [Thread-29] INFO  c.netflix.discovery.DiscoveryClient - DiscoveryClient_USERLOGIN/userlogin:9ec06b83ba5006b594e8c67802565c5d - deregister  status: 200
""2020-05-09 07:15:35 [Thread-29] INFO  c.netflix.discovery.DiscoveryClient - Completed shut down of DiscoveryClient
""2020-05-09 07:15:35 [Thread-29] INFO  com.zaxxer.hikari.HikariDataSource - HikariPool-4 - Shutdown initiated...
""2020-05-09 07:15:35 [Thread-29] INFO  com.zaxxer.hikari.HikariDataSource - HikariPool-4 - Shutdown completed.
""2020-05-09 07:15:37 [restartedMain] INFO  o.s.c.c.c.ConfigServicePropertySourceLocator - Fetching config from server at : http://localhost:8181
""2020-05-09 07:15:39 [restartedMain] INFO  o.s.c.c.c.ConfigServicePropertySourceLocator - Located environment: name=SpringCloudconfig, profiles=[default], label=null, version=caa03509b3720276ddb9e08ae4fb0b39c0958bbb, state=null
""2020-05-09 07:15:39 [restartedMain] INFO  o.s.c.b.c.PropertySourceBootstrapConfiguration - Located property source: [BootstrapPropertySource {name='bootstrapProperties-configClient'}, BootstrapPropertySource {name='bootstrapProperties-https://github.com/susmitha2916/springcloudconfig/application.properties'}]
""2020-05-09 07:15:39 [restartedMain] INFO  com.vp.CsuserloginApplication - No active profile set, falling back to default profiles: default
""2020-05-09 07:15:41 [restartedMain] INFO  o.s.d.r.c.RepositoryConfigurationDelegate - Bootstrapping Spring Data JPA repositories in DEFAULT mode.
""2020-05-09 07:15:41 [restartedMain] INFO  o.s.d.r.c.RepositoryConfigurationDelegate - Finished Spring Data repository scanning in 34ms. Found 1 JPA repository interfaces.
""2020-05-09 07:15:41 [restartedMain] INFO  o.s.cloud.context.scope.GenericScope - BeanFactory id=b4dd5e5c-8208-3384-ae3b-a90fb0255805
""2020-05-09 07:15:41 [restartedMain] INFO  o.s.c.s.PostProcessorRegistrationDelegate$BeanPostProcessorChecker - Bean 'org.springframework.transaction.annotation.ProxyTransactionManagementConfiguration' of type [org.springframework.transaction.annotation.ProxyTransactionManagementConfiguration] is not eligible for getting processed by all BeanPostProcessors (for example: not eligible for auto-proxying)
""2020-05-09 07:15:41 [restartedMain] INFO  o.s.b.w.e.tomcat.TomcatWebServer - Tomcat initialized with port(s): 0 (http)
""2020-05-09 07:15:41 [restartedMain] INFO  o.a.catalina.core.StandardService - Starting service [Tomcat]
""2020-05-09 07:15:41 [restartedMain] INFO  o.a.catalina.core.StandardEngine - Starting Servlet engine: [Apache Tomcat/9.0.30]
""2020-05-09 07:15:42 [restartedMain] INFO  o.a.c.c.C.[Tomcat].[localhost].[/] - Initializing Spring embedded WebApplicationContext
""2020-05-09 07:15:42 [restartedMain] INFO  o.s.web.context.ContextLoader - Root WebApplicationContext: initialization completed in 2638 ms
""2020-05-09 07:15:43 [restartedMain] INFO  com.zaxxer.hikari.HikariDataSource - HikariPool-5 - Starting...
""2020-05-09 07:15:43 [restartedMain] INFO  com.zaxxer.hikari.HikariDataSource - HikariPool-5 - Start completed.
""2020-05-09 07:15:43 [restartedMain] INFO  o.h.jpa.internal.util.LogHelper - HHH000204: Processing PersistenceUnitInfo [
	name: default
	...]
""2020-05-09 07:15:43 [restartedMain] INFO  org.hibernate.dialect.Dialect - HHH000400: Using dialect: org.hibernate.dialect.MySQL5Dialect
""2020-05-09 07:15:43 [restartedMain] INFO  o.s.o.j.LocalContainerEntityManagerFactoryBean - Initialized JPA EntityManagerFactory for persistence unit 'default'
""2020-05-09 07:15:43 [restartedMain] WARN  o.s.b.a.o.j.JpaBaseConfiguration$JpaWebConfiguration - spring.jpa.open-in-view is enabled by default. Therefore, database queries may be performed during view rendering. Explicitly configure spring.jpa.open-in-view to disable this warning
""2020-05-09 07:15:43 [restartedMain] INFO  o.s.b.a.e.web.EndpointLinksResolver - Exposing 2 endpoint(s) beneath base path '/actuator'
""2020-05-09 07:15:43 [restartedMain] INFO  s.d.s.w.PropertySourcedRequestMappingHandlerMapping - Mapped URL path [/v2/api-docs] onto method [springfox.documentation.swagger2.web.Swagger2Controller#getDocumentation(String, HttpServletRequest)]
""2020-05-09 07:15:43 [restartedMain] WARN  c.n.c.sources.URLConfigurationSource - No URLs will be polled as dynamic configuration sources.
""2020-05-09 07:15:43 [restartedMain] INFO  c.n.c.sources.URLConfigurationSource - To enable URLs as dynamic configuration sources, define System property archaius.configurationSource.additionalUrls or make config.properties available on classpath.
""2020-05-09 07:15:44 [restartedMain] INFO  o.s.s.c.ThreadPoolTaskExecutor - Initializing ExecutorService 'applicationTaskExecutor'
""2020-05-09 07:15:44 [restartedMain] INFO  o.s.b.d.a.OptionalLiveReloadServer - LiveReload server is running on port 35729
""2020-05-09 07:15:45 [restartedMain] WARN  o.s.c.l.c.BlockingLoadBalancerClientAutoConfiguration$BlockingLoadBalancerClientRibbonWarnLogger - You already have RibbonLoadBalancerClient on your classpath. It will be used by default. As Spring Cloud Ribbon is in maintenance mode. We recommend switching to BlockingLoadBalancerClient instead. In order to use it, set the value of `spring.cloud.loadbalancer.ribbon.enabled` to `false` or remove spring-cloud-starter-netflix-ribbon from your project.
""2020-05-09 07:15:45 [restartedMain] INFO  s.d.s.w.p.DocumentationPluginsBootstrapper - Context refreshed
""2020-05-09 07:15:45 [restartedMain] INFO  s.d.s.w.p.DocumentationPluginsBootstrapper - Found 1 custom documentation plugin(s)
""2020-05-09 07:15:45 [restartedMain] INFO  s.d.s.w.s.ApiListingReferenceScanner - Scanning for api listing references
""2020-05-09 07:15:45 [restartedMain] INFO  o.s.b.w.e.tomcat.TomcatWebServer - Tomcat started on port(s): 61194 (http) with context path ''
""2020-05-09 07:15:45 [restartedMain] INFO  o.s.c.n.e.s.EurekaAutoServiceRegistration - Updating port to 61194
""2020-05-09 07:15:45 [restartedMain] INFO  o.s.c.n.eureka.InstanceInfoFactory - Setting initial instance status as: STARTING
""2020-05-09 07:15:45 [restartedMain] INFO  c.netflix.discovery.DiscoveryClient - Initializing Eureka in region us-east-1
""2020-05-09 07:15:45 [restartedMain] INFO  c.n.d.p.DiscoveryJerseyProvider - Using JSON encoding codec LegacyJacksonJson
""2020-05-09 07:15:45 [restartedMain] INFO  c.n.d.p.DiscoveryJerseyProvider - Using JSON decoding codec LegacyJacksonJson
""2020-05-09 07:15:45 [restartedMain] INFO  c.n.d.p.DiscoveryJerseyProvider - Using XML encoding codec XStreamXml
""2020-05-09 07:15:45 [restartedMain] INFO  c.n.d.p.DiscoveryJerseyProvider - Using XML decoding codec XStreamXml
""2020-05-09 07:15:46 [restartedMain] INFO  c.n.d.s.r.aws.ConfigClusterResolver - Resolving eureka endpoints via configuration
""2020-05-09 07:15:46 [restartedMain] INFO  c.netflix.discovery.DiscoveryClient - Disable delta property : false
""2020-05-09 07:15:46 [restartedMain] INFO  c.netflix.discovery.DiscoveryClient - Single vip registry refresh property : null
""2020-05-09 07:15:46 [restartedMain] INFO  c.netflix.discovery.DiscoveryClient - Force full registry fetch : false
""2020-05-09 07:15:46 [restartedMain] INFO  c.netflix.discovery.DiscoveryClient - Application is null : false
""2020-05-09 07:15:46 [restartedMain] INFO  c.netflix.discovery.DiscoveryClient - Registered Applications size is zero : true
""2020-05-09 07:15:46 [restartedMain] INFO  c.netflix.discovery.DiscoveryClient - Application version is -1: true
""2020-05-09 07:15:46 [restartedMain] INFO  c.netflix.discovery.DiscoveryClient - Getting all instance registry info from the eureka server
""2020-05-09 07:15:46 [restartedMain] INFO  c.netflix.discovery.DiscoveryClient - The response status is 200
""2020-05-09 07:15:46 [restartedMain] INFO  c.netflix.discovery.DiscoveryClient - Starting heartbeat executor: renew interval is: 30
""2020-05-09 07:15:46 [restartedMain] INFO  c.n.discovery.InstanceInfoReplicator - InstanceInfoReplicator onDemand update allowed rate per min is 4
""2020-05-09 07:15:46 [restartedMain] INFO  c.netflix.discovery.DiscoveryClient - Discovery Client initialized at timestamp 1588988746278 with initial instances count: 2
""2020-05-09 07:15:46 [restartedMain] INFO  o.s.c.n.e.s.EurekaServiceRegistry - Registering application USERLOGIN with eureka with status UP
""2020-05-09 07:15:46 [restartedMain] INFO  c.netflix.discovery.DiscoveryClient - Saw local status change event StatusChangeEvent [timestamp=1588988746283, current=UP, previous=STARTING]
""2020-05-09 07:15:46 [DiscoveryClient-InstanceInfoReplicator-0] INFO  c.netflix.discovery.DiscoveryClient - DiscoveryClient_USERLOGIN/userlogin:c3fd1664291d3594a83967f20ec4fc7b: registering service...
""2020-05-09 07:15:46 [DiscoveryClient-InstanceInfoReplicator-0] INFO  c.netflix.discovery.DiscoveryClient - DiscoveryClient_USERLOGIN/userlogin:c3fd1664291d3594a83967f20ec4fc7b - registration status: 204
""2020-05-09 07:15:47 [restartedMain] INFO  com.vp.CsuserloginApplication - Started CsuserloginApplication in 10.754 seconds (JVM running for 586.433)
""2020-05-09 07:15:47 [restartedMain] INFO  o.s.b.d.a.ConditionEvaluationDeltaLoggingListener - Condition evaluation unchanged
""2020-05-09 07:20:46 [AsyncResolver-bootstrap-executor-0] INFO  c.n.d.s.r.aws.ConfigClusterResolver - Resolving eureka endpoints via configuration
""2020-05-09 07:22:00 [Thread-37] INFO  o.s.c.n.e.s.EurekaServiceRegistry - Unregistering application USERLOGIN with eureka with status DOWN
""2020-05-09 07:22:00 [Thread-37] WARN  c.netflix.discovery.DiscoveryClient - Saw local status change event StatusChangeEvent [timestamp=1588989120116, current=DOWN, previous=UP]
""2020-05-09 07:22:00 [DiscoveryClient-InstanceInfoReplicator-0] INFO  c.netflix.discovery.DiscoveryClient - DiscoveryClient_USERLOGIN/userlogin:c3fd1664291d3594a83967f20ec4fc7b: registering service...
""2020-05-09 07:22:00 [Thread-37] INFO  o.s.s.c.ThreadPoolTaskExecutor - Shutting down ExecutorService 'applicationTaskExecutor'
""2020-05-09 07:22:00 [DiscoveryClient-InstanceInfoReplicator-0] INFO  c.netflix.discovery.DiscoveryClient - DiscoveryClient_USERLOGIN/userlogin:c3fd1664291d3594a83967f20ec4fc7b - registration status: 204
""2020-05-09 07:22:00 [Thread-37] INFO  o.s.o.j.LocalContainerEntityManagerFactoryBean - Closing JPA EntityManagerFactory for persistence unit 'default'
""2020-05-09 07:22:00 [Thread-37] INFO  c.netflix.discovery.DiscoveryClient - Shutting down DiscoveryClient ...
""2020-05-09 07:22:03 [Thread-37] INFO  c.netflix.discovery.DiscoveryClient - Unregistering ...
""2020-05-09 07:22:03 [Thread-37] INFO  c.netflix.discovery.DiscoveryClient - DiscoveryClient_USERLOGIN/userlogin:c3fd1664291d3594a83967f20ec4fc7b - deregister  status: 200
""2020-05-09 07:22:03 [Thread-37] INFO  c.netflix.discovery.DiscoveryClient - Completed shut down of DiscoveryClient
""2020-05-09 07:22:03 [Thread-37] INFO  com.zaxxer.hikari.HikariDataSource - HikariPool-5 - Shutdown initiated...
""2020-05-09 07:22:03 [Thread-37] INFO  com.zaxxer.hikari.HikariDataSource - HikariPool-5 - Shutdown completed.
""2020-05-09 07:34:23 [restartedMain] INFO  o.s.c.c.c.ConfigServicePropertySourceLocator - Fetching config from server at : http://localhost:8181
""2020-05-09 07:34:24 [restartedMain] INFO  o.s.c.c.c.ConfigServicePropertySourceLocator - Located environment: name=SpringCloudconfig, profiles=[default], label=null, version=caa03509b3720276ddb9e08ae4fb0b39c0958bbb, state=null
""2020-05-09 07:34:24 [restartedMain] INFO  o.s.c.b.c.PropertySourceBootstrapConfiguration - Located property source: [BootstrapPropertySource {name='bootstrapProperties-configClient'}, BootstrapPropertySource {name='bootstrapProperties-https://github.com/susmitha2916/springcloudconfig/application.properties'}]
""2020-05-09 07:34:24 [restartedMain] INFO  com.vp.CsuserloginApplication - No active profile set, falling back to default profiles: default
""2020-05-09 07:34:25 [restartedMain] INFO  o.s.d.r.c.RepositoryConfigurationDelegate - Bootstrapping Spring Data JPA repositories in DEFAULT mode.
""2020-05-09 07:34:25 [restartedMain] INFO  o.s.d.r.c.RepositoryConfigurationDelegate - Finished Spring Data repository scanning in 9ms. Found 1 JPA repository interfaces.
""2020-05-09 07:34:25 [restartedMain] INFO  o.s.cloud.context.scope.GenericScope - BeanFactory id=b4dd5e5c-8208-3384-ae3b-a90fb0255805
""2020-05-09 07:34:25 [restartedMain] INFO  o.s.c.s.PostProcessorRegistrationDelegate$BeanPostProcessorChecker - Bean 'org.springframework.transaction.annotation.ProxyTransactionManagementConfiguration' of type [org.springframework.transaction.annotation.ProxyTransactionManagementConfiguration] is not eligible for getting processed by all BeanPostProcessors (for example: not eligible for auto-proxying)
""2020-05-09 07:34:26 [restartedMain] INFO  o.s.b.w.e.tomcat.TomcatWebServer - Tomcat initialized with port(s): 0 (http)
""2020-05-09 07:34:26 [restartedMain] INFO  o.a.catalina.core.StandardService - Starting service [Tomcat]
""2020-05-09 07:34:26 [restartedMain] INFO  o.a.catalina.core.StandardEngine - Starting Servlet engine: [Apache Tomcat/9.0.30]
""2020-05-09 07:34:26 [restartedMain] INFO  o.a.c.c.C.[Tomcat].[localhost].[/] - Initializing Spring embedded WebApplicationContext
""2020-05-09 07:34:26 [restartedMain] INFO  o.s.web.context.ContextLoader - Root WebApplicationContext: initialization completed in 1402 ms
""2020-05-09 07:34:27 [restartedMain] INFO  com.zaxxer.hikari.HikariDataSource - HikariPool-2 - Starting...
""2020-05-09 07:34:27 [restartedMain] INFO  com.zaxxer.hikari.HikariDataSource - HikariPool-2 - Start completed.
""2020-05-09 07:34:27 [restartedMain] INFO  o.h.jpa.internal.util.LogHelper - HHH000204: Processing PersistenceUnitInfo [
	name: default
	...]
""2020-05-09 07:34:27 [restartedMain] INFO  org.hibernate.dialect.Dialect - HHH000400: Using dialect: org.hibernate.dialect.MySQL5Dialect
""2020-05-09 07:34:27 [restartedMain] INFO  o.s.o.j.LocalContainerEntityManagerFactoryBean - Initialized JPA EntityManagerFactory for persistence unit 'default'
""2020-05-09 07:34:27 [restartedMain] WARN  o.s.b.a.o.j.JpaBaseConfiguration$JpaWebConfiguration - spring.jpa.open-in-view is enabled by default. Therefore, database queries may be performed during view rendering. Explicitly configure spring.jpa.open-in-view to disable this warning
""2020-05-09 07:34:27 [restartedMain] INFO  o.s.b.a.e.web.EndpointLinksResolver - Exposing 2 endpoint(s) beneath base path '/actuator'
""2020-05-09 07:34:27 [restartedMain] INFO  s.d.s.w.PropertySourcedRequestMappingHandlerMapping - Mapped URL path [/v2/api-docs] onto method [springfox.documentation.swagger2.web.Swagger2Controller#getDocumentation(String, HttpServletRequest)]
""2020-05-09 07:34:27 [restartedMain] WARN  c.n.c.sources.URLConfigurationSource - No URLs will be polled as dynamic configuration sources.
""2020-05-09 07:34:27 [restartedMain] INFO  c.n.c.sources.URLConfigurationSource - To enable URLs as dynamic configuration sources, define System property archaius.configurationSource.additionalUrls or make config.properties available on classpath.
""2020-05-09 07:34:27 [restartedMain] INFO  o.s.s.c.ThreadPoolTaskExecutor - Initializing ExecutorService 'applicationTaskExecutor'
""2020-05-09 07:34:27 [restartedMain] INFO  o.s.b.d.a.OptionalLiveReloadServer - LiveReload server is running on port 35729
""2020-05-09 07:34:29 [restartedMain] WARN  o.s.c.l.c.BlockingLoadBalancerClientAutoConfiguration$BlockingLoadBalancerClientRibbonWarnLogger - You already have RibbonLoadBalancerClient on your classpath. It will be used by default. As Spring Cloud Ribbon is in maintenance mode. We recommend switching to BlockingLoadBalancerClient instead. In order to use it, set the value of `spring.cloud.loadbalancer.ribbon.enabled` to `false` or remove spring-cloud-starter-netflix-ribbon from your project.
""2020-05-09 07:34:29 [restartedMain] INFO  s.d.s.w.p.DocumentationPluginsBootstrapper - Context refreshed
""2020-05-09 07:34:29 [restartedMain] INFO  s.d.s.w.p.DocumentationPluginsBootstrapper - Found 1 custom documentation plugin(s)
""2020-05-09 07:34:29 [restartedMain] INFO  s.d.s.w.s.ApiListingReferenceScanner - Scanning for api listing references
""2020-05-09 07:34:29 [restartedMain] INFO  o.s.b.w.e.tomcat.TomcatWebServer - Tomcat started on port(s): 61459 (http) with context path ''
""2020-05-09 07:34:29 [restartedMain] INFO  o.s.c.n.e.s.EurekaAutoServiceRegistration - Updating port to 61459
""2020-05-09 07:34:29 [restartedMain] INFO  o.s.c.n.eureka.InstanceInfoFactory - Setting initial instance status as: STARTING
""2020-05-09 07:34:29 [restartedMain] INFO  c.netflix.discovery.DiscoveryClient - Initializing Eureka in region us-east-1
""2020-05-09 07:34:29 [restartedMain] INFO  c.n.d.p.DiscoveryJerseyProvider - Using JSON encoding codec LegacyJacksonJson
""2020-05-09 07:34:29 [restartedMain] INFO  c.n.d.p.DiscoveryJerseyProvider - Using JSON decoding codec LegacyJacksonJson
""2020-05-09 07:34:29 [restartedMain] INFO  c.n.d.p.DiscoveryJerseyProvider - Using XML encoding codec XStreamXml
""2020-05-09 07:34:29 [restartedMain] INFO  c.n.d.p.DiscoveryJerseyProvider - Using XML decoding codec XStreamXml
""2020-05-09 07:34:29 [restartedMain] INFO  c.n.d.s.r.aws.ConfigClusterResolver - Resolving eureka endpoints via configuration
""2020-05-09 07:34:29 [restartedMain] INFO  c.netflix.discovery.DiscoveryClient - Disable delta property : false
""2020-05-09 07:34:29 [restartedMain] INFO  c.netflix.discovery.DiscoveryClient - Single vip registry refresh property : null
""2020-05-09 07:34:29 [restartedMain] INFO  c.netflix.discovery.DiscoveryClient - Force full registry fetch : false
""2020-05-09 07:34:29 [restartedMain] INFO  c.netflix.discovery.DiscoveryClient - Application is null : false
""2020-05-09 07:34:29 [restartedMain] INFO  c.netflix.discovery.DiscoveryClient - Registered Applications size is zero : true
""2020-05-09 07:34:29 [restartedMain] INFO  c.netflix.discovery.DiscoveryClient - Application version is -1: true
""2020-05-09 07:34:29 [restartedMain] INFO  c.netflix.discovery.DiscoveryClient - Getting all instance registry info from the eureka server
""2020-05-09 07:34:29 [restartedMain] INFO  c.netflix.discovery.DiscoveryClient - The response status is 200
""2020-05-09 07:34:29 [restartedMain] INFO  c.netflix.discovery.DiscoveryClient - Starting heartbeat executor: renew interval is: 30
""2020-05-09 07:34:29 [restartedMain] INFO  c.n.discovery.InstanceInfoReplicator - InstanceInfoReplicator onDemand update allowed rate per min is 4
""2020-05-09 07:34:29 [restartedMain] INFO  c.netflix.discovery.DiscoveryClient - Discovery Client initialized at timestamp 1588989869614 with initial instances count: 2
""2020-05-09 07:34:29 [restartedMain] INFO  o.s.c.n.e.s.EurekaServiceRegistry - Registering application USERLOGIN with eureka with status UP
""2020-05-09 07:34:29 [restartedMain] INFO  c.netflix.discovery.DiscoveryClient - Saw local status change event StatusChangeEvent [timestamp=1588989869617, current=UP, previous=STARTING]
""2020-05-09 07:34:29 [DiscoveryClient-InstanceInfoReplicator-0] INFO  c.netflix.discovery.DiscoveryClient - DiscoveryClient_USERLOGIN/userlogin:4176320741608dc278366d78f251ec63: registering service...
""2020-05-09 07:34:29 [DiscoveryClient-InstanceInfoReplicator-0] INFO  c.netflix.discovery.DiscoveryClient - DiscoveryClient_USERLOGIN/userlogin:4176320741608dc278366d78f251ec63 - registration status: 204
""2020-05-09 07:34:29 [restartedMain] INFO  com.vp.CsuserloginApplication - Started CsuserloginApplication in 7.904 seconds (JVM running for 120.11)
""2020-05-09 07:34:29 [restartedMain] INFO  o.s.b.d.a.ConditionEvaluationDeltaLoggingListener - Condition evaluation delta:


==========================
CONDITION EVALUATION DELTA
==========================


Positive matches:
-----------------

   LogFileWebEndpointAutoConfiguration#logFileWebEndpoint matched:
      - Log File found logging.file.path G:spribbootcontrollerlog (LogFileWebEndpointAutoConfiguration.LogFileCondition)
      - @ConditionalOnBean (types: org.springframework.boot.actuate.logging.LogFileWebEndpoint; SearchStrategy: all) did not find any beans (OnBeanCondition)


Negative matches:
-----------------

    None


Exclusions:
-----------

    None


Unconditional classes:
----------------------

    None



""2020-05-09 07:39:29 [AsyncResolver-bootstrap-executor-0] INFO  c.n.d.s.r.aws.ConfigClusterResolver - Resolving eureka endpoints via configuration
""2020-05-09 07:40:35 [Thread-13] INFO  o.s.c.n.e.s.EurekaServiceRegistry - Unregistering application USERLOGIN with eureka with status DOWN
""2020-05-09 07:40:35 [Thread-13] WARN  c.netflix.discovery.DiscoveryClient - Saw local status change event StatusChangeEvent [timestamp=1588990235584, current=DOWN, previous=UP]
""2020-05-09 07:40:35 [DiscoveryClient-InstanceInfoReplicator-0] INFO  c.netflix.discovery.DiscoveryClient - DiscoveryClient_USERLOGIN/userlogin:4176320741608dc278366d78f251ec63: registering service...
""2020-05-09 07:40:35 [Thread-13] INFO  o.s.s.c.ThreadPoolTaskExecutor - Shutting down ExecutorService 'applicationTaskExecutor'
""2020-05-09 07:40:35 [DiscoveryClient-InstanceInfoReplicator-0] INFO  c.netflix.discovery.DiscoveryClient - DiscoveryClient_USERLOGIN/userlogin:4176320741608dc278366d78f251ec63 - registration status: 204
""2020-05-09 07:40:35 [Thread-13] INFO  o.s.o.j.LocalContainerEntityManagerFactoryBean - Closing JPA EntityManagerFactory for persistence unit 'default'
""2020-05-09 07:40:35 [Thread-13] INFO  c.netflix.discovery.DiscoveryClient - Shutting down DiscoveryClient ...
""2020-05-09 07:40:38 [Thread-13] INFO  c.netflix.discovery.DiscoveryClient - Unregistering ...
""2020-05-09 07:40:38 [Thread-13] INFO  c.netflix.discovery.DiscoveryClient - DiscoveryClient_USERLOGIN/userlogin:4176320741608dc278366d78f251ec63 - deregister  status: 200
""2020-05-09 07:40:38 [Thread-13] INFO  c.netflix.discovery.DiscoveryClient - Completed shut down of DiscoveryClient
""2020-05-09 07:40:38 [Thread-13] INFO  com.zaxxer.hikari.HikariDataSource - HikariPool-2 - Shutdown initiated...
""2020-05-09 07:40:38 [Thread-13] INFO  com.zaxxer.hikari.HikariDataSource - HikariPool-2 - Shutdown completed.
"